wm_check(): Your WM looks EWMH compliant.
main(): Running as daemon...
main(): Finished flushing pipe "/tmp/skippy-xd-fifo".
wm_check(): Your WM looks EWMH compliant.
main(): Running as daemon...
main(): Finished flushing pipe "/tmp/skippy-xd-fifo".
mainloop(): Received pipe command: 4
wm_get_stack_sub(): Retrieved window stack from _NET_CLIENT_LIST.
mainloop(): PIPEHUP on pipe "/tmp/skippy-xd-fifo".
[    16.53 ] error 8 (BadMatch) request 42 minor 0 serial 360 ("BadMatch (invalid parameter attributes)")
mainloop(): Received pipe command: 4
mainloop(): PIPEHUP on pipe "/tmp/skippy-xd-fifo".
mainloop(): Received pipe command: 4
wm_get_stack_sub(): Retrieved window stack from _NET_CLIENT_LIST.
mainloop(): PIPEHUP on pipe "/tmp/skippy-xd-fifo".
clientwin_handle(): Quitting.
[    19.44 ] error 8 (BadMatch) request 42 minor 0 serial 775 ("BadMatch (invalid parameter attributes)")
mainloop(): Received pipe command: 4
wm_get_stack_sub(): Retrieved window stack from _NET_CLIENT_LIST.
mainloop(): PIPEHUP on pipe "/tmp/skippy-xd-fifo".
clientwin_handle(): Quitting.
wm_check(): Your WM looks EWMH compliant.
main(): Running as daemon...
main(): Finished flushing pipe "/tmp/skippy-xd-fifo".
mainloop(): Received pipe command: 4
wm_get_stack_sub(): Retrieved window stack from _NET_CLIENT_LIST.
mainloop(): PIPEHUP on pipe "/tmp/skippy-xd-fifo".
clientwin_handle(): Quitting.
wm_check(): Your WM looks EWMH compliant.
main(): Running as daemon...
main(): Finished flushing pipe "/tmp/skippy-xd-fifo".
mainloop(): Received pipe command: 4
wm_get_stack_sub(): Retrieved window stack from _NET_CLIENT_LIST.
mainloop(): PIPEHUP on pipe "/tmp/skippy-xd-fifo".
clientwin_handle(): Quitting.
[     4.73 ] error 8 (BadMatch) request 42 minor 0 serial 362 ("BadMatch (invalid parameter attributes)")
mainloop(): Received pipe command: 4
wm_get_stack_sub(): Retrieved window stack from _NET_CLIENT_LIST.
[    13.53 ] error 143 (BadPicture) request 139 minor 7 serial 528 ("RenderBadPicture (invalid Picture parameter)")
[    13.53 ] error 143 (BadPicture) request 139 minor 7 serial 537 ("RenderBadPicture (invalid Picture parameter)")
mainloop(): PIPEHUP on pipe "/tmp/skippy-xd-fifo".
clientwin_handle(): Quitting.
clientwin_handle(): Quitting.
